INFO:root:Start
INFO:root:Store ids table: /Users/lavinskit/Programming/Projects/python/lenteles/naujos/parduotuviu_lentele 1.xls
INFO:root:Products from ff table: /Users/lavinskit/Programming/Projects/python/lenteles/naujos/FF PREKES ELEVENTY.xls
INFO:root:Products table: /Users/lavinskit/Programming/Projects/python/lenteles/naujos/PREKES ELEVENTY.xls
INFO:root:Rez table: /Users/lavinskit/Programming/Projects/python/lenteles/rezultatai/rez1.xlsx
INFO:root:Quantity rez table: /Users/lavinskit/Programming/Projects/python/lenteles/rezultatai/rez2.xlsx
INFO:root:Check quantity: True
INFO:root:Region: de
ERROR:root:Klaida:(<class 'ImportError'>, ImportError("Missing optional dependency 'xlrd'. Install xlrd >= 1.0.0 for Excel support Use pip or conda to install xlrd."), <traceback object at 0x128742640>)
INFO:root:Start
INFO:root:Store ids table: /Users/lavinskit/Programming/Projects/python/lenteles/Parduotuvių lentelė.xls
INFO:root:Products from ff table: /Users/lavinskit/Programming/Projects/python/lenteles/FF produktų lentelė.xls
INFO:root:Products table: /Users/lavinskit/Programming/Projects/python/lenteles/Produktų lentelė.xls
INFO:root:Rez table: /Users/lavinskit/Programming/Projects/python/lenteles/rezultatai/rez1.xlsx
INFO:root:Quantity rez table: /Users/lavinskit/Programming/Projects/python/lenteles/rezultatai/rez2.xlsx
INFO:root:Check quantity: True
INFO:root:Region: de
ERROR:root:Klaida:(<class 'ImportError'>, ImportError("Missing optional dependency 'xlrd'. Install xlrd >= 1.0.0 for Excel support Use pip or conda to install xlrd."), <traceback object at 0x12a060500>)
INFO:root:Start
INFO:root:Store ids table: /Users/lavinskit/Programming/Projects/python/lenteles/naujos/parduotuviu_lentele 1.xls
INFO:root:Products from ff table: /Users/lavinskit/Programming/Projects/python/lenteles/naujos/FF PREKES ELEVENTY.xls
INFO:root:Products table: /Users/lavinskit/Programming/Projects/python/lenteles/naujos/PREKES ELEVENTY.xls
INFO:root:Rez table: /Users/lavinskit/Programming/Projects/python/lenteles/rezultatai/rez.xlsx
INFO:root:Quantity rez table: /Users/lavinskit/Programming/Projects/python/lenteles/rezultatai/rez2.xlsx
INFO:root:Check quantity: True
INFO:root:Region: de
INFO:root:/Users/lavinskit/Programming/Projects/python/lenteles/rezultatai/rez.xlsx
INFO:root:/Users/lavinskit/Programming/Projects/python/lenteles/rezultatai/rez2.xlsx
INFO:root:     url: https://www.farfetch.com/de/plpslice/listing-api/products-facets?page=1&designer=195900
DEBUG:urllib3.connectionpool:Starting new HTTPS connection (1): www.farfetch.com:443
DEBUG:urllib3.connectionpool:https://www.farfetch.com:443 "GET /de/plpslice/listing-api/products-facets?page=1&designer=195900 HTTP/1.1" 200 111656
INFO:root:Total pages: 6
INFO:root:     url: https://www.farfetch.com/de/plpslice/listing-api/products-facets?page=1&designer=195900
DEBUG:urllib3.connectionpool:Starting new HTTPS connection (1): www.farfetch.com:443
DEBUG:urllib3.connectionpool:https://www.farfetch.com:443 "GET /de/plpslice/listing-api/products-facets?page=1&designer=195900 HTTP/1.1" 200 None
INFO:root:     Product count: 90
INFO:root:     Progress: 14
INFO:root:     url: https://www.farfetch.com/de/plpslice/listing-api/products-facets?page=2&designer=195900
DEBUG:urllib3.connectionpool:Starting new HTTPS connection (1): www.farfetch.com:443
DEBUG:urllib3.connectionpool:https://www.farfetch.com:443 "GET /de/plpslice/listing-api/products-facets?page=2&designer=195900 HTTP/1.1" 200 111708
INFO:root:     Product count: 90
INFO:root:     Progress: 28
INFO:root:     url: https://www.farfetch.com/de/plpslice/listing-api/products-facets?page=3&designer=195900
DEBUG:urllib3.connectionpool:Starting new HTTPS connection (1): www.farfetch.com:443
DEBUG:urllib3.connectionpool:https://www.farfetch.com:443 "GET /de/plpslice/listing-api/products-facets?page=3&designer=195900 HTTP/1.1" 200 None
INFO:root:     Product count: 90
INFO:root:     Progress: 42
INFO:root:     url: https://www.farfetch.com/de/plpslice/listing-api/products-facets?page=4&designer=195900
DEBUG:urllib3.connectionpool:Starting new HTTPS connection (1): www.farfetch.com:443
DEBUG:urllib3.connectionpool:https://www.farfetch.com:443 "GET /de/plpslice/listing-api/products-facets?page=4&designer=195900 HTTP/1.1" 200 111477
INFO:root:     Product count: 90
INFO:root:     Progress: 56
INFO:root:     url: https://www.farfetch.com/de/plpslice/listing-api/products-facets?page=5&designer=195900
DEBUG:urllib3.connectionpool:Starting new HTTPS connection (1): www.farfetch.com:443
DEBUG:urllib3.connectionpool:https://www.farfetch.com:443 "GET /de/plpslice/listing-api/products-facets?page=5&designer=195900 HTTP/1.1" 200 None
INFO:root:     Product count: 90
INFO:root:     Progress: 70
INFO:root:     url: https://www.farfetch.com/de/plpslice/listing-api/products-facets?page=6&designer=195900
DEBUG:urllib3.connectionpool:Starting new HTTPS connection (1): www.farfetch.com:443
DEBUG:urllib3.connectionpool:https://www.farfetch.com:443 "GET /de/plpslice/listing-api/products-facets?page=6&designer=195900 HTTP/1.1" 200 None
INFO:root:     Product count: 2
INFO:root:     Progress: 85
INFO:root:Total products filtered by child id 3
INFO:root:Rasomi pirmutiniai duomenys...
INFO:root:Prasidejo produktu xlsx failo generavimas... (Tai gali uztrukti)
INFO:root:Produktu xlsx failo generavimas baigtas
INFO:root:Prasidejo produktu likuciu xlsx failo generavimas... (Tai gali uztrukti)
INFO:root:Produktu likuciu xlsx failo generavimas baigtas
